c:\users\junho\downloads\wnd3dgameengine_002\wnd3dgameengine_002\x64\debug\vc143.pdb
c:\users\junho\downloads\wnd3dgameengine_002\wnd3dgameengine_002\x64\debug\vc143.idb
c:\users\junho\downloads\wnd3dgameengine_002\wnd3dgameengine_002\x64\debug\wndmainproc.obj
c:\users\junho\downloads\wnd3dgameengine_002\wnd3dgameengine_002\x64\debug\wndgdi.obj
c:\users\junho\downloads\wnd3dgameengine_002\wnd3dgameengine_002\x64\debug\wndabout.obj
c:\users\junho\downloads\wnd3dgameengine_002\wnd3dgameengine_002\x64\debug\wnd3dgameengine_002.obj
c:\users\junho\downloads\wnd3dgameengine_002\wnd3dgameengine_002\x64\debug\vector2d.obj
c:\users\junho\downloads\wnd3dgameengine_002\wnd3dgameengine_002\x64\debug\triangle.obj
c:\users\junho\downloads\wnd3dgameengine_002\wnd3dgameengine_002\x64\debug\matrix44.obj
c:\users\junho\downloads\wnd3dgameengine_002\wnd3dgameengine_002\x64\debug\gameenginerun.obj
c:\users\junho\downloads\wnd3dgameengine_002\wnd3dgameengine_002\x64\debug\tetra.obj
c:\users\junho\downloads\wnd3dgameengine_002\wnd3dgameengine_002\x64\debug\wnd3dgameengine_002.ilk
c:\users\junho\downloads\wnd3dgameengine_002\wnd3dgameengine_002\x64\debug\wnd3dgameengine_002.exe
c:\users\junho\downloads\wnd3dgameengine_002\wnd3dgameengine_002\x64\debug\wnd3dgameengine_002.pdb
c:\users\junho\downloads\wnd3dgameengine_002\wnd3dgameengine_002\x64\debug\wnd3dgameengine_002.res
d:\study\dj-class\wnd\wnd3dgameengine_003\x64\debug\gameenginerun.obj
d:\study\dj-class\wnd\wnd3dgameengine_003\x64\debug\matrix44.obj
d:\study\dj-class\wnd\wnd3dgameengine_003\x64\debug\tetra.obj
d:\study\dj-class\wnd\wnd3dgameengine_003\x64\debug\triangle.obj
d:\study\dj-class\wnd\wnd3dgameengine_003\x64\debug\vector2d.obj
d:\study\dj-class\wnd\wnd3dgameengine_003\x64\debug\wnd3dgameengine_002.obj
d:\study\dj-class\wnd\wnd3dgameengine_003\x64\debug\wndabout.obj
d:\study\dj-class\wnd\wnd3dgameengine_003\x64\debug\wndgdi.obj
d:\study\dj-class\wnd\wnd3dgameengine_003\x64\debug\wndmainproc.obj
d:\study\dj-class\wnd\wnd3dgameengine_003\x64\debug\wnd3dgameengine_002.ilk
d:\study\dj-class\wnd\wnd3dgameengine_003\x64\debug\wnd3dgameengine_002.res
d:\study\dj-class\wnd\wnd3dgameengine_003\x64\debug\vc143.idb
d:\study\dj-class\wnd\wnd3dgameengine_003\x64\debug\vc143.pdb
d:\study\dj-class\wnd\wnd3dgameengine_003\x64\debug\wnd3dgameengine_002.pdb
d:\study\dj-class\wnd\wnd3dgameengine_003\x64\debug\wnd3dgameengine_002.exe
d:\study\dj-class\wnd\wnd3dgameengine_003\x64\debug\wnd3dgam.824db473.tlog\cl.command.1.tlog
d:\study\dj-class\wnd\wnd3dgameengine_003\x64\debug\wnd3dgam.824db473.tlog\cl.read.1.tlog
d:\study\dj-class\wnd\wnd3dgameengine_003\x64\debug\wnd3dgam.824db473.tlog\cl.write.1.tlog
d:\study\dj-class\wnd\wnd3dgameengine_003\x64\debug\wnd3dgam.824db473.tlog\link.command.1.tlog
d:\study\dj-class\wnd\wnd3dgameengine_003\x64\debug\wnd3dgam.824db473.tlog\link.read.1.tlog
d:\study\dj-class\wnd\wnd3dgameengine_003\x64\debug\wnd3dgam.824db473.tlog\link.write.1.tlog
d:\study\dj-class\wnd\wnd3dgameengine_003\x64\debug\wnd3dgam.824db473.tlog\rc.command.1.tlog
d:\study\dj-class\wnd\wnd3dgameengine_003\x64\debug\wnd3dgam.824db473.tlog\rc.read.1.tlog
d:\study\dj-class\wnd\wnd3dgameengine_003\x64\debug\wnd3dgam.824db473.tlog\rc.write.1.tlog
